[debug] [2023-11-23T03:11:43.776Z] ----------------------------------------------------------------------
[debug] [2023-11-23T03:11:43.778Z] Command:       C:\Program Files\nodejs\node.exe C:\Users\gsuya\AppData\Roaming\npm\node_modules\firebase-tools\lib\bin\firebase.js init
[debug] [2023-11-23T03:11:43.778Z] CLI Version:   12.9.1
[debug] [2023-11-23T03:11:43.778Z] Platform:      win32
[debug] [2023-11-23T03:11:43.778Z] Node Version:  v20.7.0
[debug] [2023-11-23T03:11:43.779Z] Time:          Wed Nov 22 2023 19:11:43 GMT-0800 (Pacific Standard Time)
[debug] [2023-11-23T03:11:43.779Z] ----------------------------------------------------------------------
[debug] 
[debug] [2023-11-23T03:11:43.784Z] > command requires scopes: ["email","openid","https://www.googleapis.com/auth/cloudplatformprojects.readonly","https://www.googleapis.com/auth/firebase","https://www.googleapis.com/auth/cloud-platform"]
[debug] [2023-11-23T03:11:43.785Z] > authorizing via signed-in user (gsuyama3@uw.edu)
[info] 
     ######## #### ########  ######## ########     ###     ######  ########
     ##        ##  ##     ## ##       ##     ##  ##   ##  ##       ##
     ######    ##  ########  ######   ########  #########  ######  ######
     ##        ##  ##    ##  ##       ##     ## ##     ##       ## ##
     ##       #### ##     ## ######## ########  ##     ##  ######  ########

You're about to initialize a Firebase project in this directory:

  C:\Users\gsuya\Documents\INFO 340\project-group7

[debug] [2023-11-23T03:12:39.981Z] ----------------------------------------------------------------------
[debug] [2023-11-23T03:12:39.983Z] Command:       C:\Program Files\nodejs\node.exe C:\Users\gsuya\AppData\Roaming\npm\node_modules\firebase-tools\lib\bin\firebase.js init
[debug] [2023-11-23T03:12:39.983Z] CLI Version:   12.9.1
[debug] [2023-11-23T03:12:39.984Z] Platform:      win32
[debug] [2023-11-23T03:12:39.984Z] Node Version:  v20.7.0
[debug] [2023-11-23T03:12:39.984Z] Time:          Wed Nov 22 2023 19:12:39 GMT-0800 (Pacific Standard Time)
[debug] [2023-11-23T03:12:39.984Z] ----------------------------------------------------------------------
[debug] 
[debug] [2023-11-23T03:12:39.991Z] > command requires scopes: ["email","openid","https://www.googleapis.com/auth/cloudplatformprojects.readonly","https://www.googleapis.com/auth/firebase","https://www.googleapis.com/auth/cloud-platform"]
[debug] [2023-11-23T03:12:39.992Z] > authorizing via signed-in user (gsuyama3@uw.edu)
[info] 
     ######## #### ########  ######## ########     ###     ######  ########
     ##        ##  ##     ## ##       ##     ##  ##   ##  ##       ##
     ######    ##  ########  ######   ########  #########  ######  ######
     ##        ##  ##    ##  ##       ##     ## ##     ##       ## ##
     ##       #### ##     ## ######## ########  ##     ##  ######  ########

You're about to initialize a Firebase project in this directory:

  C:\Users\gsuya\Documents\INFO 340\project-group7

